TN:
SF:repositories/PortfolioRepository.ts
FN:12,(anonymous_0)
FN:14,(anonymous_1)
FN:31,(anonymous_2)
FN:37,(anonymous_3)
FN:43,(anonymous_4)
FN:58,(anonymous_5)
FNF:6
FNH:6
FNDA:10,(anonymous_0)
FNDA:2,(anonymous_1)
FNDA:2,(anonymous_2)
FNDA:2,(anonymous_3)
FNDA:2,(anonymous_4)
FNDA:2,(anonymous_5)
DA:11,1
DA:12,10
DA:15,2
DA:16,2
DA:20,1
DA:21,1
DA:25,1
DA:27,0
DA:32,2
DA:38,2
DA:44,2
DA:45,2
DA:50,1
DA:51,1
DA:52,1
DA:54,0
DA:59,2
DA:60,2
DA:64,1
DA:65,1
DA:66,1
DA:68,0
LF:22
LH:19
BRDA:21,0,0,1
BRDA:22,1,0,1
BRDA:22,1,1,1
BRDA:23,2,0,0
BRDA:23,2,1,1
BRDA:23,3,0,1
BRDA:23,3,1,1
BRDA:51,4,0,1
BRDA:65,5,0,1
BRF:9
BRH:8
end_of_record
TN:
SF:repositories/UserRepository.ts
FN:5,(anonymous_0)
FN:7,(anonymous_1)
FN:20,(anonymous_2)
FN:26,(anonymous_3)
FN:32,(anonymous_4)
FN:46,(anonymous_5)
FNF:6
FNH:6
FNDA:20,(anonymous_0)
FNDA:13,(anonymous_1)
FNDA:2,(anonymous_2)
FNDA:2,(anonymous_3)
FNDA:2,(anonymous_4)
FNDA:2,(anonymous_5)
DA:4,2
DA:5,20
DA:8,13
DA:9,13
DA:13,1
DA:14,1
DA:16,0
DA:21,2
DA:27,2
DA:33,2
DA:34,2
DA:39,1
DA:40,1
DA:42,0
DA:47,2
DA:48,2
DA:52,1
DA:53,1
DA:55,0
LF:19
LH:16
BRDA:13,0,0,1
BRDA:13,1,0,1
BRDA:13,1,1,1
BRDA:39,2,0,1
BRDA:39,3,0,1
BRDA:39,3,1,1
BRDA:52,4,0,1
BRDA:52,5,0,1
BRDA:52,5,1,1
BRF:9
BRH:9
end_of_record
TN:
SF:tests/helpers/prisma.ts
FN:6,getPrismaClient
FN:13,createTestDatabase
FN:24,clearDatabase
FN:41,closeDatabase
FNF:4
FNH:4
FNDA:40,getPrismaClient
FNDA:2,createTestDatabase
FNDA:20,clearDatabase
FNDA:2,closeDatabase
DA:1,2
DA:2,2
DA:4,2
DA:6,2
DA:7,40
DA:8,2
DA:10,40
DA:13,2
DA:14,2
DA:15,2
DA:19,0
DA:20,0
DA:24,2
DA:25,20
DA:26,20
DA:28,20
DA:29,20
DA:30,20
DA:31,20
DA:32,20
DA:33,20
DA:34,20
DA:36,0
DA:37,0
DA:41,2
DA:42,2
DA:43,2
DA:44,2
LF:28
LH:24
BRDA:7,0,0,2
BRDA:42,1,0,2
BRF:2
BRH:2
end_of_record
