TN:
SF:repositories/CategoryRepository.ts
FN:5,(anonymous_0)
FN:7,(anonymous_1)
FN:18,(anonymous_2)
FN:24,(anonymous_3)
FN:30,(anonymous_4)
FN:34,(anonymous_5)
FN:53,(anonymous_6)
FNF:7
FNH:7
FNDA:62,(anonymous_0)
FNDA:52,(anonymous_1)
FNDA:7,(anonymous_2)
FNDA:56,(anonymous_3)
FNDA:2,(anonymous_4)
FNDA:3,(anonymous_5)
FNDA:2,(anonymous_6)
DA:4,5
DA:5,62
DA:8,52
DA:9,52
DA:10,1
DA:13,51
DA:19,7
DA:25,56
DA:31,2
DA:35,3
DA:36,3
DA:37,1
DA:40,2
DA:41,2
DA:42,2
DA:43,1
DA:47,1
DA:54,2
DA:55,2
DA:56,1
DA:59,1
LF:21
LH:21
BRDA:9,0,0,1
BRDA:36,1,0,1
BRDA:40,2,0,2
BRDA:42,3,0,1
BRDA:42,4,0,2
BRDA:42,4,1,1
BRDA:55,5,0,1
BRF:7
BRH:7
end_of_record
TN:
SF:repositories/HoldingRepository.ts
FN:5,(anonymous_0)
FN:7,(anonymous_1)
FN:41,(anonymous_2)
FN:49,(anonymous_3)
FN:55,(anonymous_4)
FN:62,(anonymous_5)
FN:72,(anonymous_6)
FN:79,(anonymous_7)
FN:89,(anonymous_8)
FN:104,(anonymous_9)
FN:124,(anonymous_10)
FN:144,(anonymous_11)
FNF:12
FNH:9
FNDA:23,(anonymous_0)
FNDA:25,(anonymous_1)
FNDA:25,(anonymous_2)
FNDA:5,(anonymous_3)
FNDA:1,(anonymous_4)
FNDA:1,(anonymous_5)
FNDA:0,(anonymous_6)
FNDA:0,(anonymous_7)
FNDA:0,(anonymous_8)
FNDA:2,(anonymous_9)
FNDA:2,(anonymous_10)
FNDA:2,(anonymous_11)
DA:4,2
DA:5,23
DA:9,25
DA:10,25
DA:13,25
DA:14,1
DA:19,24
DA:20,24
DA:23,24
DA:24,1
DA:29,23
DA:30,1
DA:34,22
DA:35,3
DA:36,1
DA:42,25
DA:44,21
DA:50,5
DA:56,1
DA:63,1
DA:73,0
DA:80,0
DA:90,0
DA:91,0
DA:92,0
DA:96,0
DA:98,0
DA:105,2
DA:106,2
DA:107,0
DA:110,2
DA:111,1
DA:114,1
DA:115,0
DA:118,1
DA:125,2
DA:126,2
DA:127,0
DA:131,2
DA:135,2
DA:136,1
DA:139,1
DA:145,2
DA:146,1
DA:149,1
DA:150,1
DA:151,0
DA:154,1
LF:48
LH:37
BRDA:7,0,0,25
BRDA:9,1,0,25
BRDA:13,2,0,1
BRDA:19,3,0,24
BRDA:23,4,0,1
BRDA:29,5,0,1
BRDA:29,6,0,23
BRDA:29,6,1,23
BRDA:34,7,0,3
BRDA:34,8,0,22
BRDA:34,8,1,22
BRDA:35,9,0,1
BRDA:91,10,0,0
BRDA:106,11,0,0
BRDA:110,12,0,1
BRDA:114,13,0,0
BRDA:126,14,0,0
BRDA:135,15,0,1
BRDA:145,16,0,1
BRDA:150,17,0,0
BRF:20
BRH:15
end_of_record
TN:
SF:repositories/PortfolioRepository.ts
FN:12,(anonymous_0)
FN:14,(anonymous_1)
FN:31,(anonymous_2)
FN:37,(anonymous_3)
FN:43,(anonymous_4)
FN:58,(anonymous_5)
FNF:6
FNH:6
FNDA:33,(anonymous_0)
FNDA:25,(anonymous_1)
FNDA:2,(anonymous_2)
FNDA:2,(anonymous_3)
FNDA:2,(anonymous_4)
FNDA:2,(anonymous_5)
DA:11,3
DA:12,33
DA:15,25
DA:16,25
DA:20,1
DA:21,1
DA:25,1
DA:27,0
DA:32,2
DA:38,2
DA:44,2
DA:45,2
DA:50,1
DA:51,1
DA:52,1
DA:54,0
DA:59,2
DA:60,2
DA:64,1
DA:65,1
DA:66,1
DA:68,0
LF:22
LH:19
BRDA:21,0,0,1
BRDA:22,1,0,1
BRDA:22,1,1,1
BRDA:23,2,0,0
BRDA:23,2,1,1
BRDA:23,3,0,1
BRDA:23,3,1,1
BRDA:51,4,0,1
BRDA:65,5,0,1
BRF:9
BRH:8
end_of_record
TN:
SF:repositories/QuoteRepository.ts
FN:6,(anonymous_0)
FN:8,(anonymous_1)
FN:28,(anonymous_2)
FN:34,(anonymous_3)
FN:41,(anonymous_4)
FN:50,(anonymous_5)
FN:67,(anonymous_6)
FN:74,(anonymous_7)
FN:102,(anonymous_8)
FN:113,(anonymous_9)
FN:128,(anonymous_10)
FNF:11
FNH:9
FNDA:12,(anonymous_0)
FNDA:14,(anonymous_1)
FNDA:4,(anonymous_2)
FNDA:3,(anonymous_3)
FNDA:2,(anonymous_4)
FNDA:1,(anonymous_5)
FNDA:0,(anonymous_6)
FNDA:2,(anonymous_7)
FNDA:2,(anonymous_8)
FNDA:1,(anonymous_9)
FNDA:0,(anonymous_10)
DA:3,1
DA:5,1
DA:6,12
DA:10,14
DA:13,14
DA:14,1
DA:18,13
DA:23,13
DA:29,4
DA:35,3
DA:42,2
DA:47,2
DA:55,1
DA:68,0
DA:75,2
DA:76,2
DA:77,1
DA:80,1
DA:81,0
DA:84,0
DA:85,0
DA:90,1
DA:96,1
DA:103,2
DA:104,2
DA:105,1
DA:108,1
DA:117,1
DA:125,1
DA:129,0
DA:132,0
LF:31
LH:25
BRDA:13,0,0,1
BRDA:20,1,0,0
BRDA:20,1,1,13
BRDA:47,2,0,2
BRDA:47,2,1,1
BRDA:76,3,0,1
BRDA:80,4,0,0
BRDA:84,5,0,0
BRDA:92,6,0,0
BRDA:92,6,1,1
BRDA:93,7,0,1
BRDA:93,7,1,0
BRDA:104,8,0,1
BRF:13
BRH:8
end_of_record
TN:
SF:repositories/StockRepository.ts
FN:5,(anonymous_0)
FN:7,(anonymous_1)
FN:38,(anonymous_2)
FN:44,(anonymous_3)
FN:50,(anonymous_4)
FN:56,(anonymous_5)
FN:62,(anonymous_6)
FN:66,(anonymous_7)
FN:101,(anonymous_8)
FNF:9
FNH:8
FNDA:49,(anonymous_0)
FNDA:43,(anonymous_1)
FNDA:49,(anonymous_2)
FNDA:41,(anonymous_3)
FNDA:40,(anonymous_4)
FNDA:2,(anonymous_5)
FNDA:0,(anonymous_6)
FNDA:3,(anonymous_7)
FNDA:2,(anonymous_8)
DA:4,4
DA:5,49
DA:9,43
DA:12,43
DA:13,1
DA:17,42
DA:18,42
DA:19,1
DA:23,41
DA:24,41
DA:25,1
DA:28,40
DA:29,40
DA:30,1
DA:33,39
DA:39,49
DA:45,41
DA:51,40
DA:57,2
DA:63,0
DA:67,3
DA:68,3
DA:69,1
DA:72,2
DA:73,1
DA:76,1
DA:77,1
DA:81,1
DA:82,0
DA:83,0
DA:84,0
DA:88,1
DA:89,0
DA:90,0
DA:91,0
DA:95,1
DA:102,2
DA:103,2
DA:104,1
DA:107,1
LF:40
LH:33
BRDA:12,0,0,1
BRDA:18,1,0,1
BRDA:24,2,0,1
BRDA:29,3,0,1
BRDA:68,4,0,1
BRDA:72,5,0,1
BRDA:76,6,0,1
BRDA:81,7,0,0
BRDA:83,8,0,0
BRDA:83,9,0,0
BRDA:83,9,1,0
BRDA:88,10,0,0
BRDA:90,11,0,0
BRDA:90,12,0,0
BRDA:90,12,1,0
BRDA:103,13,0,1
BRF:16
BRH:8
end_of_record
TN:
SF:repositories/TransactionRepository.ts
FN:6,(anonymous_0)
FN:8,(anonymous_1)
FN:43,(anonymous_2)
FN:59,(anonymous_3)
FN:65,(anonymous_4)
FN:72,(anonymous_5)
FN:82,(anonymous_6)
FN:97,(anonymous_7)
FN:114,(anonymous_8)
FN:136,(anonymous_9)
FN:147,(anonymous_10)
FN:154,(anonymous_11)
FN:156,(anonymous_12)
FN:160,(anonymous_13)
FN:162,(anonymous_14)
FN:168,(anonymous_15)
FN:170,(anonymous_16)
FNF:17
FNH:11
FNDA:10,(anonymous_0)
FNDA:15,(anonymous_1)
FNDA:15,(anonymous_2)
FNDA:0,(anonymous_3)
FNDA:4,(anonymous_4)
FNDA:1,(anonymous_5)
FNDA:0,(anonymous_6)
FNDA:0,(anonymous_7)
FNDA:0,(anonymous_8)
FNDA:0,(anonymous_9)
FNDA:0,(anonymous_10)
FNDA:1,(anonymous_11)
FNDA:2,(anonymous_12)
FNDA:1,(anonymous_13)
FNDA:2,(anonymous_14)
FNDA:1,(anonymous_15)
FNDA:2,(anonymous_16)
DA:3,1
DA:5,1
DA:6,10
DA:10,15
DA:11,15
DA:14,15
DA:15,1
DA:20,14
DA:21,1
DA:25,13
DA:26,13
DA:28,13
DA:29,1
DA:34,12
DA:35,12
DA:37,12
DA:38,1
DA:44,15
DA:46,11
DA:54,11
DA:60,0
DA:66,4
DA:73,1
DA:86,0
DA:102,0
DA:115,0
DA:116,0
DA:117,0
DA:120,0
DA:122,0
DA:130,0
DA:137,0
DA:138,0
DA:139,0
DA:142,0
DA:148,0
DA:151,0
DA:155,1
DA:156,1
DA:157,2
DA:161,1
DA:162,1
DA:163,2
DA:164,2
DA:169,1
DA:170,1
DA:171,2
LF:47
LH:32
BRDA:10,0,0,15
BRDA:14,1,0,1
BRDA:20,2,0,1
BRDA:20,3,0,14
BRDA:20,3,1,14
BRDA:25,4,0,13
BRDA:26,5,0,0
BRDA:26,5,1,13
BRDA:28,6,0,1
BRDA:34,7,0,12
BRDA:35,8,0,0
BRDA:35,8,1,12
BRDA:37,9,0,1
BRDA:48,10,0,0
BRDA:48,10,1,11
BRDA:50,11,0,0
BRDA:50,11,1,11
BRDA:116,12,0,0
BRDA:124,13,0,0
BRDA:124,13,1,0
BRDA:125,14,0,0
BRDA:125,14,1,0
BRDA:126,15,0,0
BRDA:126,15,1,0
BRDA:127,16,0,0
BRDA:127,16,1,0
BRDA:138,17,0,0
BRDA:157,18,0,1
BRDA:157,18,1,1
BRDA:164,19,0,1
BRDA:164,19,1,1
BRF:31
BRH:17
end_of_record
TN:
SF:repositories/UserRepository.ts
FN:5,(anonymous_0)
FN:7,(anonymous_1)
FN:20,(anonymous_2)
FN:26,(anonymous_3)
FN:32,(anonymous_4)
FN:46,(anonymous_5)
FNF:6
FNH:6
FNDA:43,(anonymous_0)
FNDA:36,(anonymous_1)
FNDA:2,(anonymous_2)
FNDA:2,(anonymous_3)
FNDA:2,(anonymous_4)
FNDA:2,(anonymous_5)
DA:4,4
DA:5,43
DA:8,36
DA:9,36
DA:13,1
DA:14,1
DA:16,0
DA:21,2
DA:27,2
DA:33,2
DA:34,2
DA:39,1
DA:40,1
DA:42,0
DA:47,2
DA:48,2
DA:52,1
DA:53,1
DA:55,0
LF:19
LH:16
BRDA:13,0,0,1
BRDA:13,1,0,1
BRDA:13,1,1,1
BRDA:39,2,0,1
BRDA:39,3,0,1
BRDA:39,3,1,1
BRDA:52,4,0,1
BRDA:52,5,0,1
BRDA:52,5,1,1
BRF:9
BRH:9
end_of_record
TN:
SF:tests/helpers/prisma.ts
FN:6,getPrismaClient
FN:13,createTestDatabase
FN:24,clearDatabase
FN:41,closeDatabase
FNF:4
FNH:4
FNDA:164,getPrismaClient
FNDA:7,createTestDatabase
FNDA:82,clearDatabase
FNDA:7,closeDatabase
DA:1,7
DA:2,7
DA:4,7
DA:6,7
DA:7,164
DA:8,7
DA:10,164
DA:13,7
DA:14,7
DA:15,7
DA:19,0
DA:20,0
DA:24,7
DA:25,82
DA:26,82
DA:28,82
DA:29,82
DA:30,82
DA:31,82
DA:32,82
DA:33,82
DA:34,82
DA:36,0
DA:37,0
DA:41,7
DA:42,7
DA:43,7
DA:44,7
LF:28
LH:24
BRDA:7,0,0,7
BRDA:42,1,0,7
BRF:2
BRH:2
end_of_record
