TN:
SF:repositories/CategoryRepository.ts
FN:5,(anonymous_0)
FN:7,(anonymous_1)
FN:20,(anonymous_2)
FN:26,(anonymous_3)
FN:30,(anonymous_4)
FN:49,(anonymous_5)
FNF:6
FNH:6
FNDA:59,(anonymous_0)
FNDA:51,(anonymous_1)
FNDA:5,(anonymous_2)
FNDA:2,(anonymous_3)
FNDA:3,(anonymous_4)
FNDA:2,(anonymous_5)
DA:4,5
DA:5,59
DA:8,51
DA:9,51
DA:13,0
DA:14,0
DA:16,0
DA:21,5
DA:27,2
DA:31,3
DA:32,3
DA:33,3
DA:34,1
DA:37,2
DA:42,1
DA:43,0
DA:45,1
DA:50,2
DA:51,2
DA:55,1
DA:56,1
DA:58,0
LF:22
LH:17
BRDA:13,0,0,0
BRDA:13,1,0,0
BRDA:13,1,1,0
BRDA:33,2,0,1
BRDA:42,3,0,0
BRDA:42,4,0,1
BRDA:42,4,1,1
BRDA:55,5,0,1
BRDA:55,6,0,1
BRDA:55,6,1,1
BRF:10
BRH:6
end_of_record
TN:
SF:repositories/HoldingRepository.ts
FN:5,(anonymous_0)
FN:7,(anonymous_1)
FN:20,(anonymous_2)
FN:26,(anonymous_3)
FN:32,(anonymous_4)
FN:41,(anonymous_5)
FN:60,(anonymous_6)
FNF:7
FNH:7
FNDA:24,(anonymous_0)
FNDA:26,(anonymous_1)
FNDA:2,(anonymous_2)
FNDA:1,(anonymous_3)
FNDA:1,(anonymous_4)
FNDA:2,(anonymous_5)
FNDA:2,(anonymous_6)
DA:4,2
DA:5,24
DA:8,26
DA:9,26
DA:13,2
DA:14,0
DA:16,2
DA:21,2
DA:27,1
DA:33,1
DA:42,2
DA:43,2
DA:44,2
DA:45,0
DA:48,2
DA:53,0
DA:54,0
DA:56,0
DA:61,2
DA:62,2
DA:66,1
DA:67,0
DA:69,1
LF:23
LH:17
BRDA:13,0,0,0
BRDA:13,1,0,2
BRDA:13,1,1,2
BRDA:44,2,0,0
BRDA:53,3,0,0
BRDA:53,4,0,0
BRDA:53,4,1,0
BRDA:66,5,0,0
BRDA:66,6,0,1
BRDA:66,6,1,1
BRF:10
BRH:4
end_of_record
TN:
SF:repositories/PortfolioRepository.ts
FN:5,(anonymous_0)
FN:7,(anonymous_1)
FN:20,(anonymous_2)
FN:26,(anonymous_3)
FN:32,(anonymous_4)
FN:51,(anonymous_5)
FNF:6
FNH:6
FNDA:34,(anonymous_0)
FNDA:26,(anonymous_1)
FNDA:4,(anonymous_2)
FNDA:2,(anonymous_3)
FNDA:2,(anonymous_4)
FNDA:2,(anonymous_5)
DA:4,3
DA:5,34
DA:8,26
DA:9,26
DA:13,1
DA:14,0
DA:16,1
DA:21,4
DA:27,2
DA:33,2
DA:34,2
DA:35,2
DA:36,1
DA:39,1
DA:44,1
DA:45,0
DA:47,1
DA:52,2
DA:53,2
DA:57,1
DA:58,1
DA:60,0
LF:22
LH:19
BRDA:13,0,0,0
BRDA:13,1,0,1
BRDA:13,1,1,1
BRDA:35,2,0,1
BRDA:44,3,0,0
BRDA:44,4,0,1
BRDA:44,4,1,1
BRDA:57,5,0,1
BRDA:57,6,0,1
BRDA:57,6,1,1
BRF:10
BRH:8
end_of_record
TN:
SF:repositories/QuoteRepository.ts
FN:5,(anonymous_0)
FN:7,(anonymous_1)
FN:20,(anonymous_2)
FN:26,(anonymous_3)
FN:32,(anonymous_4)
FN:39,(anonymous_5)
FN:58,(anonymous_6)
FNF:7
FNH:7
FNDA:10,(anonymous_0)
FNDA:8,(anonymous_1)
FNDA:2,(anonymous_2)
FNDA:2,(anonymous_3)
FNDA:2,(anonymous_4)
FNDA:2,(anonymous_5)
FNDA:2,(anonymous_6)
DA:4,1
DA:5,10
DA:8,8
DA:9,8
DA:13,1
DA:14,0
DA:16,1
DA:21,2
DA:27,2
DA:33,2
DA:40,2
DA:41,2
DA:42,2
DA:43,1
DA:46,1
DA:51,1
DA:52,0
DA:54,1
DA:59,2
DA:60,2
DA:64,1
DA:65,1
DA:67,0
LF:23
LH:20
BRDA:13,0,0,0
BRDA:13,1,0,1
BRDA:13,1,1,1
BRDA:42,2,0,1
BRDA:51,3,0,0
BRDA:51,4,0,1
BRDA:51,4,1,1
BRDA:64,5,0,1
BRDA:64,6,0,1
BRDA:64,6,1,1
BRF:10
BRH:8
end_of_record
TN:
SF:repositories/StockRepository.ts
FN:5,(anonymous_0)
FN:7,(anonymous_1)
FN:20,(anonymous_2)
FN:26,(anonymous_3)
FN:30,(anonymous_4)
FN:36,(anonymous_5)
FN:55,(anonymous_6)
FNF:7
FNH:6
FNDA:48,(anonymous_0)
FNDA:42,(anonymous_1)
FNDA:5,(anonymous_2)
FNDA:0,(anonymous_3)
FNDA:2,(anonymous_4)
FNDA:3,(anonymous_5)
FNDA:2,(anonymous_6)
DA:4,4
DA:5,48
DA:8,42
DA:9,42
DA:13,2
DA:14,1
DA:16,1
DA:21,5
DA:27,0
DA:31,2
DA:37,3
DA:38,3
DA:39,3
DA:40,1
DA:43,2
DA:48,2
DA:49,0
DA:51,2
DA:56,2
DA:57,2
DA:61,1
DA:62,1
DA:64,0
LF:23
LH:20
BRDA:13,0,0,1
BRDA:13,1,0,2
BRDA:13,1,1,2
BRDA:39,2,0,1
BRDA:48,3,0,0
BRDA:48,4,0,2
BRDA:48,4,1,2
BRDA:61,5,0,1
BRDA:61,6,0,1
BRDA:61,6,1,1
BRF:10
BRH:9
end_of_record
TN:
SF:repositories/TransactionRepository.ts
FN:5,(anonymous_0)
FN:7,(anonymous_1)
FN:20,(anonymous_2)
FN:26,(anonymous_3)
FN:32,(anonymous_4)
FN:51,(anonymous_5)
FNF:6
FNH:6
FNDA:13,(anonymous_0)
FNDA:10,(anonymous_1)
FNDA:4,(anonymous_2)
FNDA:2,(anonymous_3)
FNDA:2,(anonymous_4)
FNDA:2,(anonymous_5)
DA:4,1
DA:5,13
DA:8,10
DA:9,10
DA:13,1
DA:14,0
DA:16,1
DA:21,4
DA:27,2
DA:33,2
DA:34,2
DA:35,2
DA:36,1
DA:39,1
DA:44,1
DA:45,0
DA:47,1
DA:52,2
DA:53,2
DA:57,1
DA:58,1
DA:60,0
LF:22
LH:19
BRDA:13,0,0,0
BRDA:13,1,0,1
BRDA:13,1,1,1
BRDA:35,2,0,1
BRDA:44,3,0,0
BRDA:44,4,0,1
BRDA:44,4,1,1
BRDA:57,5,0,1
BRDA:57,6,0,1
BRDA:57,6,1,1
BRF:10
BRH:8
end_of_record
TN:
SF:repositories/UserRepository.ts
FN:5,(anonymous_0)
FN:7,(anonymous_1)
FN:20,(anonymous_2)
FN:26,(anonymous_3)
FN:32,(anonymous_4)
FN:51,(anonymous_5)
FNF:6
FNH:6
FNDA:44,(anonymous_0)
FNDA:37,(anonymous_1)
FNDA:4,(anonymous_2)
FNDA:2,(anonymous_3)
FNDA:2,(anonymous_4)
FNDA:2,(anonymous_5)
DA:4,4
DA:5,44
DA:8,37
DA:9,37
DA:13,1
DA:14,1
DA:16,0
DA:21,4
DA:27,2
DA:33,2
DA:34,2
DA:35,2
DA:36,1
DA:39,1
DA:44,1
DA:45,0
DA:47,1
DA:52,2
DA:53,2
DA:57,1
DA:58,1
DA:60,0
LF:22
LH:19
BRDA:13,0,0,1
BRDA:13,1,0,1
BRDA:13,1,1,1
BRDA:35,2,0,1
BRDA:44,3,0,0
BRDA:44,4,0,1
BRDA:44,4,1,1
BRDA:57,5,0,1
BRDA:57,6,0,1
BRDA:57,6,1,1
BRF:10
BRH:9
end_of_record
TN:
SF:tests/helpers/prisma.ts
FN:6,getPrismaClient
FN:13,createTestDatabase
FN:24,clearDatabase
FN:41,closeDatabase
FNF:4
FNH:4
FNDA:158,getPrismaClient
FNDA:7,createTestDatabase
FNDA:79,clearDatabase
FNDA:7,closeDatabase
DA:1,7
DA:2,7
DA:4,7
DA:6,7
DA:7,158
DA:8,7
DA:10,158
DA:13,7
DA:14,7
DA:15,7
DA:19,0
DA:20,0
DA:24,7
DA:25,79
DA:26,79
DA:28,79
DA:29,79
DA:30,79
DA:31,79
DA:32,79
DA:33,79
DA:34,79
DA:36,0
DA:37,0
DA:41,7
DA:42,7
DA:43,7
DA:44,7
LF:28
LH:24
BRDA:7,0,0,7
BRDA:42,1,0,7
BRF:2
BRH:2
end_of_record
